     1                                  extern printf
     2                                  
     3                                  section .data   
     4 00000000 0500000000000000            number dq 5 ;defining 8bytes (quadword)
     5 00000008 5468652073756D2066-         fmt db "The sum from 0 to %ld is %ld", 10, 0
     5 00000011 726F6D203020746F20-
     5 0000001A 256C6420697320256C-
     5 00000023 640A00             
     6                                  
     7                                  section .bss
     8                                  
     9                                  section .text
    10                                  
    11                                  global main
    12                                  
    13                                  main:
    14 00000000 55                          push rbp
    15 00000001 4889E5                      mov rbp, rsp
    16                                  
    17 00000004 488B0C25[00000000]          mov rcx, [number]
    18 0000000C B800000000                  mov rax, 0
    19                                  
    20                                  bloop:
    21 00000011 4801C8                      add rax, rcx
    22 00000014 E2FB                        loop bloop 
    23                                      
    24 00000016 48BF-                       mov rdi, fmt
    24 00000018 [0800000000000000] 
    25 00000020 488B3425[00000000]          mov rsi, [number]
    26 00000028 4889C2                      mov rdx, rax
    27 0000002B B800000000                  mov rax, 0
    28                                  
    29 00000030 E8(00000000)                call printf
    30 00000035 4889EC                      mov rsp, rbp
    31 00000038 5D                          pop rbp
    32 00000039 C3                          ret 
