     1                                  section .data   
     2 00000000 68656C6C6F20776F72-         msg db "hello world", 0
     2 00000009 6C6400             
     3                                  
     4                                  section .bss
     5                                  
     6                                  section .text
     7                                      global main
     8                                  
     9                                  main:
    10 00000000 B801000000                  mov rax, 1 ; 1 write
    11 00000005 BF01000000                  mov rdi, 1 ;stdout
    12 0000000A 48BE-                       mov rsi, msg ; string to display in rsi
    12 0000000C [0000000000000000] 
    13 00000014 BA0B000000                  mov rdx, 11 ; length of the string
    14 00000019 0F05                        syscall ;display the string
    15                                  
    16 0000001B B83C000000                  mov rax, 60  ;Exit CODE
    17 00000020 BF00000000                  mov rdi, 0 ;0: success exit code
    18 00000025 0F05                        syscall ;quit
    19                                  
    20                                      
